app/build/intermediates/manifest_merge_blame_file/debug/manifest-merger-blame-debug-report.txt
1<?xml version="1.0" encoding="utf-8"?>
2<manifest xmlns:android="http://schemas.android.com/apk/res/android"
3    package="com.example.uas"
4    android:versionCode="1"
5    android:versionName="1.0" >
6
7    <uses-sdk
8        android:minSdkVersion="23"
8-->src\main\AndroidManifest.xml
9        android:targetSdkVersion="30" />
9-->src\main\AndroidManifest.xml
10
11    <uses-permission android:name="android.permission.INTERNET" />
11-->src\main\AndroidManifest.xml:5:5-67
11-->src\main\AndroidManifest.xml:5:22-64
12    <uses-permission android:name="android.permission.ACCESS_NETWORK_STATE" />
12-->src\main\AndroidManifest.xml:6:5-79
12-->src\main\AndroidManifest.xml:6:22-76
13    <uses-permission android:name="android.permission.ACCESS_FINE_LOCATION" />
13-->src\main\AndroidManifest.xml:7:5-79
13-->src\main\AndroidManifest.xml:7:22-76
14
15    <uses-feature
15-->[com.google.android.gms:play-services-maps:18.0.2] AndroidManifest.xml:26:5-28:35
16        android:glEsVersion="0x00020000"
16-->[com.google.android.gms:play-services-maps:18.0.2] AndroidManifest.xml:27:9-41
17        android:required="true" />
17-->[com.google.android.gms:play-services-maps:18.0.2] AndroidManifest.xml:28:9-32
18
19    <queries>
19-->[com.google.android.gms:play-services-maps:18.0.2] AndroidManifest.xml:30:5-34:15
20
21        <!-- Needs to be explicitly declared on Android R+ -->
22        <package android:name="com.google.android.apps.maps" />
22-->[com.google.android.gms:play-services-maps:18.0.2] AndroidManifest.xml:33:9-64
22-->[com.google.android.gms:play-services-maps:18.0.2] AndroidManifest.xml:33:18-61
23    </queries>
24
25    <application
25-->src\main\AndroidManifest.xml:9:5-27:19
26        android:allowBackup="true"
26-->src\main\AndroidManifest.xml:10:9-35
27        android:appComponentFactory="androidx.core.app.CoreComponentFactory"
27-->[androidx.core:core:1.5.0] AndroidManifest.xml:24:18-86
28        android:debuggable="true"
29        android:extractNativeLibs="false"
30        android:icon="@mipmap/ic_launcher"
30-->src\main\AndroidManifest.xml:11:9-43
31        android:label="@string/app_name"
31-->src\main\AndroidManifest.xml:12:9-41
32        android:roundIcon="@mipmap/ic_launcher_round"
32-->src\main\AndroidManifest.xml:13:9-54
33        android:supportsRtl="true"
33-->src\main\AndroidManifest.xml:14:9-35
34        android:testOnly="true"
35        android:theme="@style/Theme.UAS" >
35-->src\main\AndroidManifest.xml:15:9-41
36        <meta-data
36-->src\main\AndroidManifest.xml:17:9-18:43
37            android:name="com.google.android.geo.API_KEY"
37-->src\main\AndroidManifest.xml:17:20-65
38            android:value="@string/gmap" />
38-->src\main\AndroidManifest.xml:18:13-41
39
40        <activity android:name="com.example.uas.MainActivity2" />
40-->src\main\AndroidManifest.xml:19:9-60
40-->src\main\AndroidManifest.xml:19:19-48
41        <activity android:name="com.example.uas.MainActivity" >
41-->src\main\AndroidManifest.xml:20:9-26:20
41-->src\main\AndroidManifest.xml:20:19-47
42            <intent-filter>
42-->src\main\AndroidManifest.xml:21:13-25:29
43                <action android:name="android.intent.action.MAIN" />
43-->src\main\AndroidManifest.xml:22:17-69
43-->src\main\AndroidManifest.xml:22:25-66
44
45                <category android:name="android.intent.category.LAUNCHER" />
45-->src\main\AndroidManifest.xml:24:17-77
45-->src\main\AndroidManifest.xml:24:27-74
46            </intent-filter>
47        </activity>
48        <!-- Needs to be explicitly declared on P+ -->
49        <uses-library
49-->[com.google.android.gms:play-services-maps:18.0.2] AndroidManifest.xml:39:9-41:40
50            android:name="org.apache.http.legacy"
50-->[com.google.android.gms:play-services-maps:18.0.2] AndroidManifest.xml:40:13-50
51            android:required="false" />
51-->[com.google.android.gms:play-services-maps:18.0.2] AndroidManifest.xml:41:13-37
52
53        <activity
53-->[com.google.android.gms:play-services-base:18.0.1] AndroidManifest.xml:20:9-22:45
54            android:name="com.google.android.gms.common.api.GoogleApiActivity"
54-->[com.google.android.gms:play-services-base:18.0.1] AndroidManifest.xml:20:19-85
55            android:exported="false"
55-->[com.google.android.gms:play-services-base:18.0.1] AndroidManifest.xml:22:19-43
56            android:theme="@android:style/Theme.Translucent.NoTitleBar" />
56-->[com.google.android.gms:play-services-base:18.0.1] AndroidManifest.xml:21:19-78
57
58        <meta-data
58-->[com.google.android.gms:play-services-basement:18.0.0] AndroidManifest.xml:21:9-23:69
59            android:name="com.google.android.gms.version"
59-->[com.google.android.gms:play-services-basement:18.0.0] AndroidManifest.xml:22:13-58
60            android:value="@integer/google_play_services_version" />
60-->[com.google.android.gms:play-services-basement:18.0.0] AndroidManifest.xml:23:13-66
61    </application>
62
63</manifest>